This file contains any messages produced by compilers while
running configure, to aid debugging if configure makes a mistake.

It was created by sprng configure 5, which was
generated by GNU Autoconf 2.69.  Invocation command line was

  $ ./configure --prefix=/home/kvantti/aalto/quantum_solver_collection/ext/sprng5/

## --------- ##
## Platform. ##
## --------- ##

hostname = kvantti-pc
uname -m = x86_64
uname -r = 3.13.0-45-generic
uname -s = Linux
uname -v = #74-Ubuntu SMP Tue Jan 13 19:36:28 UTC 2015

/usr/bin/uname -p = unknown
/bin/uname -X     = unknown

/bin/arch              = unknown
/usr/bin/arch -k       = unknown
/usr/convex/getsysinfo = unknown
/usr/bin/hostinfo      = unknown
/bin/machine           = unknown
/usr/bin/oslevel       = unknown
/bin/universe          = unknown

PATH: /home/kvantti/bin
PATH: /usr/local/sbin
PATH: /usr/local/bin
PATH: /usr/sbin
PATH: /usr/bin
PATH: /sbin
PATH: /bin
PATH: /usr/games
PATH: /usr/local/games


## ----------- ##
## Core tests. ##
## ----------- ##

configure:2665: checking build system type
configure:2679: result: x86_64-unknown-linux-gnu
configure:2699: checking host system type
configure:2712: result: x86_64-unknown-linux-gnu
configure:2732: checking target system type
configure:2745: result: x86_64-unknown-linux-gnu
configure:2791: checking for a BSD-compatible install
configure:2859: result: /usr/bin/install -c
configure:2870: checking whether build environment is sane
configure:2925: result: yes
configure:2963: WARNING: 'missing' script is too old or missing
configure:3076: checking for a thread-safe mkdir -p
configure:3115: result: /bin/mkdir -p
configure:3122: checking for gawk
configure:3138: found /usr/bin/gawk
configure:3149: result: gawk
configure:3160: checking whether make sets $(MAKE)
configure:3182: result: yes
configure:3211: checking whether make supports nested variables
configure:3228: result: yes
configure:3384: checking for style of include used by make
configure:3412: result: GNU
configure:3438: checking whether to compile using MPI
configure:3445: result: no
configure:3612: checking for g++
configure:3628: found /usr/bin/g++
configure:3639: result: g++
configure:3666: checking for C++ compiler version
configure:3675: g++ --version >&5
g++ (Ubuntu 4.8.4-2ubuntu1~14.04.3) 4.8.4
Copyright (C) 2013 Free Software Foundation, Inc.
This is free software; see the source for copying conditions.  There is NO
warranty; not even for MERCHANTABILITY or FITNESS FOR A PARTICULAR PURPOSE.

configure:3686: $? = 0
configure:3675: g++ -v >&5
Using built-in specs.
COLLECT_GCC=g++
COLLECT_LTO_WRAPPER=/usr/lib/gcc/x86_64-linux-gnu/4.8/lto-wrapper
Target: x86_64-linux-gnu
Configured with: ../src/configure -v --with-pkgversion='Ubuntu 4.8.4-2ubuntu1~14.04.3' --with-bugurl=file:///usr/share/doc/gcc-4.8/README.Bugs --enable-languages=c,c++,java,go,d,fortran,objc,obj-c++ --prefix=/usr --program-suffix=-4.8 --enable-shared --enable-linker-build-id --libexecdir=/usr/lib --without-included-gettext --enable-threads=posix --with-gxx-include-dir=/usr/include/c++/4.8 --libdir=/usr/lib --enable-nls --with-sysroot=/ --enable-clocale=gnu --enable-libstdcxx-debug --enable-libstdcxx-time=yes --enable-gnu-unique-object --disable-libmudflap --enable-plugin --with-system-zlib --disable-browser-plugin --enable-java-awt=gtk --enable-gtk-cairo --with-java-home=/usr/lib/jvm/java-1.5.0-gcj-4.8-amd64/jre --enable-java-home --with-jvm-root-dir=/usr/lib/jvm/java-1.5.0-gcj-4.8-amd64 --with-jvm-jar-dir=/usr/lib/jvm-exports/java-1.5.0-gcj-4.8-amd64 --with-arch-directory=amd64 --with-ecj-jar=/usr/share/java/eclipse-ecj.jar --enable-objc-gc --enable-multiarch --disable-werror --with-arch-32=i686 --with-abi=m64 --with-multilib-list=m32,m64,mx32 --with-tune=generic --enable-checking=release --build=x86_64-linux-gnu --host=x86_64-linux-gnu --target=x86_64-linux-gnu
Thread model: posix
gcc version 4.8.4 (Ubuntu 4.8.4-2ubuntu1~14.04.3) 
configure:3686: $? = 0
configure:3675: g++ -V >&5
g++: error: unrecognized command line option '-V'
g++: fatal error: no input files
compilation terminated.
configure:3686: $? = 4
configure:3675: g++ -qversion >&5
g++: error: unrecognized command line option '-qversion'
g++: fatal error: no input files
compilation terminated.
configure:3686: $? = 4
configure:3706: checking whether the C++ compiler works
configure:3728: g++    conftest.cpp  >&5
configure:3732: $? = 0
configure:3780: result: yes
configure:3783: checking for C++ compiler default output file name
configure:3785: result: a.out
configure:3791: checking for suffix of executables
configure:3798: g++ -o conftest    conftest.cpp  >&5
configure:3802: $? = 0
configure:3824: result: 
configure:3846: checking whether we are cross compiling
configure:3854: g++ -o conftest    conftest.cpp  >&5
configure:3858: $? = 0
configure:3865: ./conftest
configure:3869: $? = 0
configure:3884: result: no
configure:3889: checking for suffix of object files
configure:3911: g++ -c   conftest.cpp >&5
configure:3915: $? = 0
configure:3936: result: o
configure:3940: checking whether we are using the GNU C++ compiler
configure:3959: g++ -c   conftest.cpp >&5
configure:3959: $? = 0
configure:3968: result: yes
configure:3977: checking whether g++ accepts -g
configure:3997: g++ -c -g  conftest.cpp >&5
configure:3997: $? = 0
configure:4038: result: yes
configure:4063: checking dependency style of g++
configure:4174: result: gcc3
configure:4306: WARNING: Not using MPI.
configure:4363: checking for gcc
configure:4379: found /usr/bin/gcc
configure:4390: result: gcc
configure:4619: checking for C compiler version
configure:4628: gcc --version >&5
gcc (Ubuntu 4.8.4-2ubuntu1~14.04.3) 4.8.4
Copyright (C) 2013 Free Software Foundation, Inc.
This is free software; see the source for copying conditions.  There is NO
warranty; not even for MERCHANTABILITY or FITNESS FOR A PARTICULAR PURPOSE.

configure:4639: $? = 0
configure:4628: gcc -v >&5
Using built-in specs.
COLLECT_GCC=gcc
COLLECT_LTO_WRAPPER=/usr/lib/gcc/x86_64-linux-gnu/4.8/lto-wrapper
Target: x86_64-linux-gnu
Configured with: ../src/configure -v --with-pkgversion='Ubuntu 4.8.4-2ubuntu1~14.04.3' --with-bugurl=file:///usr/share/doc/gcc-4.8/README.Bugs --enable-languages=c,c++,java,go,d,fortran,objc,obj-c++ --prefix=/usr --program-suffix=-4.8 --enable-shared --enable-linker-build-id --libexecdir=/usr/lib --without-included-gettext --enable-threads=posix --with-gxx-include-dir=/usr/include/c++/4.8 --libdir=/usr/lib --enable-nls --with-sysroot=/ --enable-clocale=gnu --enable-libstdcxx-debug --enable-libstdcxx-time=yes --enable-gnu-unique-object --disable-libmudflap --enable-plugin --with-system-zlib --disable-browser-plugin --enable-java-awt=gtk --enable-gtk-cairo --with-java-home=/usr/lib/jvm/java-1.5.0-gcj-4.8-amd64/jre --enable-java-home --with-jvm-root-dir=/usr/lib/jvm/java-1.5.0-gcj-4.8-amd64 --with-jvm-jar-dir=/usr/lib/jvm-exports/java-1.5.0-gcj-4.8-amd64 --with-arch-directory=amd64 --with-ecj-jar=/usr/share/java/eclipse-ecj.jar --enable-objc-gc --enable-multiarch --disable-werror --with-arch-32=i686 --with-abi=m64 --with-multilib-list=m32,m64,mx32 --with-tune=generic --enable-checking=release --build=x86_64-linux-gnu --host=x86_64-linux-gnu --target=x86_64-linux-gnu
Thread model: posix
gcc version 4.8.4 (Ubuntu 4.8.4-2ubuntu1~14.04.3) 
configure:4639: $? = 0
configure:4628: gcc -V >&5
gcc: error: unrecognized command line option '-V'
gcc: fatal error: no input files
compilation terminated.
configure:4639: $? = 4
configure:4628: gcc -qversion >&5
gcc: error: unrecognized command line option '-qversion'
gcc: fatal error: no input files
compilation terminated.
configure:4639: $? = 4
configure:4643: checking whether we are using the GNU C compiler
configure:4662: gcc -c   conftest.c >&5
configure:4662: $? = 0
configure:4671: result: yes
configure:4680: checking whether gcc accepts -g
configure:4700: gcc -c -g  conftest.c >&5
configure:4700: $? = 0
configure:4741: result: yes
configure:4758: checking for gcc option to accept ISO C89
configure:4821: gcc  -c -g -O2  conftest.c >&5
configure:4821: $? = 0
configure:4834: result: none needed
configure:4859: checking whether gcc understands -c and -o together
configure:4881: gcc -c conftest.c -o conftest2.o
configure:4884: $? = 0
configure:4881: gcc -c conftest.c -o conftest2.o
configure:4884: $? = 0
configure:4896: result: yes
configure:4915: checking dependency style of gcc
configure:5026: result: gcc3
configure:5046: checking how to run the C preprocessor
configure:5077: gcc -E  conftest.c
configure:5077: $? = 0
configure:5091: gcc -E  conftest.c
conftest.c:11:28: fatal error: ac_nonexistent.h: No such file or directory
 #include <ac_nonexistent.h>
                            ^
compilation terminated.
configure:5091: $? = 1
configure: failed program was:
| /* confdefs.h */
| #define PACKAGE_NAME "sprng"
| #define PACKAGE_TARNAME "sprng"
| #define PACKAGE_VERSION "5"
| #define PACKAGE_STRING "sprng 5"
| #define PACKAGE_BUGREPORT ""
| #define PACKAGE_URL ""
| #define PACKAGE "sprng"
| #define VERSION "5"
| /* end confdefs.h.  */
| #include <ac_nonexistent.h>
configure:5116: result: gcc -E
configure:5136: gcc -E  conftest.c
configure:5136: $? = 0
configure:5150: gcc -E  conftest.c
conftest.c:11:28: fatal error: ac_nonexistent.h: No such file or directory
 #include <ac_nonexistent.h>
                            ^
compilation terminated.
configure:5150: $? = 1
configure: failed program was:
| /* confdefs.h */
| #define PACKAGE_NAME "sprng"
| #define PACKAGE_TARNAME "sprng"
| #define PACKAGE_VERSION "5"
| #define PACKAGE_STRING "sprng 5"
| #define PACKAGE_BUGREPORT ""
| #define PACKAGE_URL ""
| #define PACKAGE "sprng"
| #define VERSION "5"
| /* end confdefs.h.  */
| #include <ac_nonexistent.h>
configure:5181: checking whether to compile using MPI
configure:5188: result: no
configure:5350: checking for g77
configure:5380: result: no
configure:5350: checking for xlf
configure:5380: result: no
configure:5350: checking for f77
configure:5380: result: no
configure:5350: checking for frt
configure:5380: result: no
configure:5350: checking for pgf77
configure:5380: result: no
configure:5350: checking for cf77
configure:5380: result: no
configure:5350: checking for fort77
configure:5380: result: no
configure:5350: checking for fl32
configure:5380: result: no
configure:5350: checking for af77
configure:5380: result: no
configure:5350: checking for xlf90
configure:5380: result: no
configure:5350: checking for f90
configure:5380: result: no
configure:5350: checking for pgf90
configure:5380: result: no
configure:5350: checking for pghpf
configure:5380: result: no
configure:5350: checking for epcf90
configure:5380: result: no
configure:5350: checking for gfortran
configure:5366: found /usr/bin/gfortran
configure:5377: result: gfortran
configure:5403: checking for Fortran 77 compiler version
configure:5412: gfortran --version >&5
GNU Fortran (Ubuntu 4.8.4-2ubuntu1~14.04.3) 4.8.4
Copyright (C) 2013 Free Software Foundation, Inc.

GNU Fortran comes with NO WARRANTY, to the extent permitted by law.
You may redistribute copies of GNU Fortran
under the terms of the GNU General Public License.
For more information about these matters, see the file named COPYING

configure:5423: $? = 0
configure:5412: gfortran -v >&5
Using built-in specs.
COLLECT_GCC=gfortran
COLLECT_LTO_WRAPPER=/usr/lib/gcc/x86_64-linux-gnu/4.8/lto-wrapper
Target: x86_64-linux-gnu
Configured with: ../src/configure -v --with-pkgversion='Ubuntu 4.8.4-2ubuntu1~14.04.3' --with-bugurl=file:///usr/share/doc/gcc-4.8/README.Bugs --enable-languages=c,c++,java,go,d,fortran,objc,obj-c++ --prefix=/usr --program-suffix=-4.8 --enable-shared --enable-linker-build-id --libexecdir=/usr/lib --without-included-gettext --enable-threads=posix --with-gxx-include-dir=/usr/include/c++/4.8 --libdir=/usr/lib --enable-nls --with-sysroot=/ --enable-clocale=gnu --enable-libstdcxx-debug --enable-libstdcxx-time=yes --enable-gnu-unique-object --disable-libmudflap --enable-plugin --with-system-zlib --disable-browser-plugin --enable-java-awt=gtk --enable-gtk-cairo --with-java-home=/usr/lib/jvm/java-1.5.0-gcj-4.8-amd64/jre --enable-java-home --with-jvm-root-dir=/usr/lib/jvm/java-1.5.0-gcj-4.8-amd64 --with-jvm-jar-dir=/usr/lib/jvm-exports/java-1.5.0-gcj-4.8-amd64 --with-arch-directory=amd64 --with-ecj-jar=/usr/share/java/eclipse-ecj.jar --enable-objc-gc --enable-multiarch --disable-werror --with-arch-32=i686 --with-abi=m64 --with-multilib-list=m32,m64,mx32 --with-tune=generic --enable-checking=release --build=x86_64-linux-gnu --host=x86_64-linux-gnu --target=x86_64-linux-gnu
Thread model: posix
gcc version 4.8.4 (Ubuntu 4.8.4-2ubuntu1~14.04.3) 
configure:5423: $? = 0
configure:5412: gfortran -V >&5
gfortran: error: unrecognized command line option '-V'
gfortran: fatal error: no input files
compilation terminated.
configure:5423: $? = 4
configure:5412: gfortran -qversion >&5
gfortran: error: unrecognized command line option '-qversion'
gfortran: fatal error: no input files
compilation terminated.
configure:5423: $? = 4
configure:5432: checking whether we are using the GNU Fortran 77 compiler
configure:5445: gfortran -c  conftest.F >&5
configure:5445: $? = 0
configure:5454: result: yes
configure:5460: checking whether gfortran accepts -g
configure:5471: gfortran -c -g conftest.f >&5
configure:5471: $? = 0
configure:5479: result: yes
configure:5611: WARNING: Not using MPI.
configure:5628: checking how to get verbose linking output from gfortran
configure:5638: gfortran -c -g -O2 conftest.f >&5
configure:5638: $? = 0
configure:5656: gfortran -o conftest -g -O2 -v conftest.f
Using built-in specs.
Target: x86_64-linux-gnu
Thread model: posix
gcc version 4.8.4 (Ubuntu 4.8.4-2ubuntu1~14.04.3) 
 /usr/lib/gcc/x86_64-linux-gnu/4.8/f951 conftest.f -ffixed-form -quiet -dumpbase conftest.f -mtune=generic -march=x86-64 -auxbase conftest -g -O2 -version -fintrinsic-modules-path /usr/lib/gcc/x86_64-linux-gnu/4.8/finclude -o /tmp/ccWxyRQr.s
GNU Fortran (Ubuntu 4.8.4-2ubuntu1~14.04.3) version 4.8.4 (x86_64-linux-gnu)
	compiled by GNU C version 4.8.4, GMP version 5.1.3, MPFR version 3.1.2-p3, MPC version 1.0.1
GGC heuristics: --param ggc-min-expand=100 --param ggc-min-heapsize=131072
GNU Fortran (Ubuntu 4.8.4-2ubuntu1~14.04.3) version 4.8.4 (x86_64-linux-gnu)
	compiled by GNU C version 4.8.4, GMP version 5.1.3, MPFR version 3.1.2-p3, MPC version 1.0.1
GGC heuristics: --param ggc-min-expand=100 --param ggc-min-heapsize=131072
 as -v --64 -o /tmp/ccc3M26E.o /tmp/ccWxyRQr.s
GNU assembler version 2.24 (x86_64-linux-gnu) using BFD version (GNU Binutils for Ubuntu) 2.24
Reading specs from /usr/lib/gcc/x86_64-linux-gnu/4.8/libgfortran.spec
rename spec lib to liborig
 /usr/lib/gcc/x86_64-linux-gnu/4.8/collect2 --sysroot=/ --build-id --eh-frame-hdr -m elf_x86_64 --hash-style=gnu --as-needed -dynamic-linker /lib64/ld-linux-x86-64.so.2 -z relro -o conftest /usr/lib/gcc/x86_64-linux-gnu/4.8/../../../x86_64-linux-gnu/crt1.o /usr/lib/gcc/x86_64-linux-gnu/4.8/../../../x86_64-linux-gnu/crti.o /usr/lib/gcc/x86_64-linux-gnu/4.8/crtbegin.o -L/usr/lib/gcc/x86_64-linux-gnu/4.8 -L/usr/lib/gcc/x86_64-linux-gnu/4.8/../../../x86_64-linux-gnu -L/usr/lib/gcc/x86_64-linux-gnu/4.8/../../../../lib -L/lib/x86_64-linux-gnu -L/lib/../lib -L/usr/lib/x86_64-linux-gnu -L/usr/lib/../lib -L/usr/lib/gcc/x86_64-linux-gnu/4.8/../../.. /tmp/ccc3M26E.o -lgfortran -lm -lgcc_s -lgcc -lquadmath -lm -lgcc_s -lgcc -lc -lgcc_s -lgcc /usr/lib/gcc/x86_64-linux-gnu/4.8/crtend.o /usr/lib/gcc/x86_64-linux-gnu/4.8/../../../x86_64-linux-gnu/crtn.o
configure:5739: result: -v
configure:5741: checking for Fortran 77 libraries of gfortran
configure:5764: gfortran -o conftest -g -O2 -v conftest.f
Using built-in specs.
Target: x86_64-linux-gnu
Thread model: posix
gcc version 4.8.4 (Ubuntu 4.8.4-2ubuntu1~14.04.3) 
 /usr/lib/gcc/x86_64-linux-gnu/4.8/f951 conftest.f -ffixed-form -quiet -dumpbase conftest.f -mtune=generic -march=x86-64 -auxbase conftest -g -O2 -version -fintrinsic-modules-path /usr/lib/gcc/x86_64-linux-gnu/4.8/finclude -o /tmp/ccqWRJGq.s
GNU Fortran (Ubuntu 4.8.4-2ubuntu1~14.04.3) version 4.8.4 (x86_64-linux-gnu)
	compiled by GNU C version 4.8.4, GMP version 5.1.3, MPFR version 3.1.2-p3, MPC version 1.0.1
GGC heuristics: --param ggc-min-expand=100 --param ggc-min-heapsize=131072
GNU Fortran (Ubuntu 4.8.4-2ubuntu1~14.04.3) version 4.8.4 (x86_64-linux-gnu)
	compiled by GNU C version 4.8.4, GMP version 5.1.3, MPFR version 3.1.2-p3, MPC version 1.0.1
GGC heuristics: --param ggc-min-expand=100 --param ggc-min-heapsize=131072
 as -v --64 -o /tmp/ccqY1ViE.o /tmp/ccqWRJGq.s
GNU assembler version 2.24 (x86_64-linux-gnu) using BFD version (GNU Binutils for Ubuntu) 2.24
Reading specs from /usr/lib/gcc/x86_64-linux-gnu/4.8/libgfortran.spec
rename spec lib to liborig
 /usr/lib/gcc/x86_64-linux-gnu/4.8/collect2 --sysroot=/ --build-id --eh-frame-hdr -m elf_x86_64 --hash-style=gnu --as-needed -dynamic-linker /lib64/ld-linux-x86-64.so.2 -z relro -o conftest /usr/lib/gcc/x86_64-linux-gnu/4.8/../../../x86_64-linux-gnu/crt1.o /usr/lib/gcc/x86_64-linux-gnu/4.8/../../../x86_64-linux-gnu/crti.o /usr/lib/gcc/x86_64-linux-gnu/4.8/crtbegin.o -L/usr/lib/gcc/x86_64-linux-gnu/4.8 -L/usr/lib/gcc/x86_64-linux-gnu/4.8/../../../x86_64-linux-gnu -L/usr/lib/gcc/x86_64-linux-gnu/4.8/../../../../lib -L/lib/x86_64-linux-gnu -L/lib/../lib -L/usr/lib/x86_64-linux-gnu -L/usr/lib/../lib -L/usr/lib/gcc/x86_64-linux-gnu/4.8/../../.. /tmp/ccqY1ViE.o -lgfortran -lm -lgcc_s -lgcc -lquadmath -lm -lgcc_s -lgcc -lc -lgcc_s -lgcc /usr/lib/gcc/x86_64-linux-gnu/4.8/crtend.o /usr/lib/gcc/x86_64-linux-gnu/4.8/../../../x86_64-linux-gnu/crtn.o
configure:5960: result:  -L/usr/lib/gcc/x86_64-linux-gnu/4.8 -L/usr/lib/gcc/x86_64-linux-gnu/4.8/../../../x86_64-linux-gnu -L/usr/lib/gcc/x86_64-linux-gnu/4.8/../../../../lib -L/lib/x86_64-linux-gnu -L/lib/../lib -L/usr/lib/x86_64-linux-gnu -L/usr/lib/../lib -L/usr/lib/gcc/x86_64-linux-gnu/4.8/../../.. -lgfortran -lm -lquadmath
configure:5975: checking for main in -lm
configure:5994: gcc -o conftest -g -O2   conftest.c -lm   >&5
configure:5994: $? = 0
configure:6003: result: yes
configure:6058: checking for ranlib
configure:6074: found /usr/bin/ranlib
configure:6085: result: ranlib
configure:6111: checking for bash
configure:6141: result: /bin/bash
configure:6158: checking for grep that handles long lines and -e
configure:6216: result: /bin/grep
configure:6221: checking for egrep
configure:6283: result: /bin/grep -E
configure:6288: checking for ANSI C header files
configure:6308: gcc -c -g -O2  conftest.c >&5
configure:6308: $? = 0
configure:6381: gcc -o conftest -g -O2   conftest.c -lm  >&5
configure:6381: $? = 0
configure:6381: ./conftest
configure:6381: $? = 0
configure:6392: result: yes
configure:6405: checking for sys/types.h
configure:6405: gcc -c -g -O2  conftest.c >&5
configure:6405: $? = 0
configure:6405: result: yes
configure:6405: checking for sys/stat.h
configure:6405: gcc -c -g -O2  conftest.c >&5
configure:6405: $? = 0
configure:6405: result: yes
configure:6405: checking for stdlib.h
configure:6405: gcc -c -g -O2  conftest.c >&5
configure:6405: $? = 0
configure:6405: result: yes
configure:6405: checking for string.h
configure:6405: gcc -c -g -O2  conftest.c >&5
configure:6405: $? = 0
configure:6405: result: yes
configure:6405: checking for memory.h
configure:6405: gcc -c -g -O2  conftest.c >&5
configure:6405: $? = 0
configure:6405: result: yes
configure:6405: checking for strings.h
configure:6405: gcc -c -g -O2  conftest.c >&5
configure:6405: $? = 0
configure:6405: result: yes
configure:6405: checking for inttypes.h
configure:6405: gcc -c -g -O2  conftest.c >&5
configure:6405: $? = 0
configure:6405: result: yes
configure:6405: checking for stdint.h
configure:6405: gcc -c -g -O2  conftest.c >&5
configure:6405: $? = 0
configure:6405: result: yes
configure:6405: checking for unistd.h
configure:6405: gcc -c -g -O2  conftest.c >&5
configure:6405: $? = 0
configure:6405: result: yes
configure:6420: checking limits.h usability
configure:6420: gcc -c -g -O2  conftest.c >&5
configure:6420: $? = 0
configure:6420: result: yes
configure:6420: checking limits.h presence
configure:6420: gcc -E  conftest.c
configure:6420: $? = 0
configure:6420: result: yes
configure:6420: checking for limits.h
configure:6420: result: yes
configure:6420: checking stddef.h usability
configure:6420: gcc -c -g -O2  conftest.c >&5
configure:6420: $? = 0
configure:6420: result: yes
configure:6420: checking stddef.h presence
configure:6420: gcc -E  conftest.c
configure:6420: $? = 0
configure:6420: result: yes
configure:6420: checking for stddef.h
configure:6420: result: yes
configure:6420: checking for stdlib.h
configure:6420: result: yes
configure:6420: checking for string.h
configure:6420: result: yes
configure:6420: checking sys/time.h usability
configure:6420: gcc -c -g -O2  conftest.c >&5
configure:6420: $? = 0
configure:6420: result: yes
configure:6420: checking sys/time.h presence
configure:6420: gcc -E  conftest.c
configure:6420: $? = 0
configure:6420: result: yes
configure:6420: checking for sys/time.h
configure:6420: result: yes
configure:6435: checking size of long int
configure:6440: gcc -o conftest -g -O2   conftest.c -lm  >&5
configure:6440: $? = 0
configure:6440: ./conftest
configure:6440: $? = 0
configure:6454: result: 8
configure:6567: checking fft.h usability
configure:6567: gcc -c -g -O2  conftest.c >&5
conftest.c:61:17: fatal error: fft.h: No such file or directory
 #include <fft.h>
                 ^
compilation terminated.
configure:6567: $? = 1
configure: failed program was:
| /* confdefs.h */
| #define PACKAGE_NAME "sprng"
| #define PACKAGE_TARNAME "sprng"
| #define PACKAGE_VERSION "5"
| #define PACKAGE_STRING "sprng 5"
| #define PACKAGE_BUGREPORT ""
| #define PACKAGE_URL ""
| #define PACKAGE "sprng"
| #define VERSION "5"
| #define HAVE_LIBM 1
| #define STDC_HEADERS 1
| #define HAVE_SYS_TYPES_H 1
| #define HAVE_SYS_STAT_H 1
| #define HAVE_STDLIB_H 1
| #define HAVE_STRING_H 1
| #define HAVE_MEMORY_H 1
| #define HAVE_STRINGS_H 1
| #define HAVE_INTTYPES_H 1
| #define HAVE_STDINT_H 1
| #define HAVE_UNISTD_H 1
| #define HAVE_LIMITS_H 1
| #define HAVE_STDDEF_H 1
| #define HAVE_STDLIB_H 1
| #define HAVE_STRING_H 1
| #define HAVE_SYS_TIME_H 1
| #define SIZEOF_LONG_INT 8
| /* end confdefs.h.  */
| #include <stdio.h>
| #ifdef HAVE_SYS_TYPES_H
| # include <sys/types.h>
| #endif
| #ifdef HAVE_SYS_STAT_H
| # include <sys/stat.h>
| #endif
| #ifdef STDC_HEADERS
| # include <stdlib.h>
| # include <stddef.h>
| #else
| # ifdef HAVE_STDLIB_H
| #  include <stdlib.h>
| # endif
| #endif
| #ifdef HAVE_STRING_H
| # if !defined STDC_HEADERS && defined HAVE_MEMORY_H
| #  include <memory.h>
| # endif
| # include <string.h>
| #endif
| #ifdef HAVE_STRINGS_H
| # include <strings.h>
| #endif
| #ifdef HAVE_INTTYPES_H
| # include <inttypes.h>
| #endif
| #ifdef HAVE_STDINT_H
| # include <stdint.h>
| #endif
| #ifdef HAVE_UNISTD_H
| # include <unistd.h>
| #endif
| #include <fft.h>
configure:6567: result: no
configure:6567: checking fft.h presence
configure:6567: gcc -E  conftest.c
conftest.c:28:17: fatal error: fft.h: No such file or directory
 #include <fft.h>
                 ^
compilation terminated.
configure:6567: $? = 1
configure: failed program was:
| /* confdefs.h */
| #define PACKAGE_NAME "sprng"
| #define PACKAGE_TARNAME "sprng"
| #define PACKAGE_VERSION "5"
| #define PACKAGE_STRING "sprng 5"
| #define PACKAGE_BUGREPORT ""
| #define PACKAGE_URL ""
| #define PACKAGE "sprng"
| #define VERSION "5"
| #define HAVE_LIBM 1
| #define STDC_HEADERS 1
| #define HAVE_SYS_TYPES_H 1
| #define HAVE_SYS_STAT_H 1
| #define HAVE_STDLIB_H 1
| #define HAVE_STRING_H 1
| #define HAVE_MEMORY_H 1
| #define HAVE_STRINGS_H 1
| #define HAVE_INTTYPES_H 1
| #define HAVE_STDINT_H 1
| #define HAVE_UNISTD_H 1
| #define HAVE_LIMITS_H 1
| #define HAVE_STDDEF_H 1
| #define HAVE_STDLIB_H 1
| #define HAVE_STRING_H 1
| #define HAVE_SYS_TIME_H 1
| #define SIZEOF_LONG_INT 8
| /* end confdefs.h.  */
| #include <fft.h>
configure:6567: result: no
configure:6567: checking for fft.h
configure:6567: result: no
configure:6576: checking for dzfft2dui
configure:6576: gcc -o conftest -g -O2   conftest.c -lm  >&5
/tmp/ccD7bRig.o: In function `main':
/home/kvantti/aalto/quantum_solver_collection/ext/sprng5/conftest.c:62: undefined reference to `dzfft2dui'
collect2: error: ld returned 1 exit status
configure:6576: $? = 1
configure: failed program was:
| /* confdefs.h */
| #define PACKAGE_NAME "sprng"
| #define PACKAGE_TARNAME "sprng"
| #define PACKAGE_VERSION "5"
| #define PACKAGE_STRING "sprng 5"
| #define PACKAGE_BUGREPORT ""
| #define PACKAGE_URL ""
| #define PACKAGE "sprng"
| #define VERSION "5"
| #define HAVE_LIBM 1
| #define STDC_HEADERS 1
| #define HAVE_SYS_TYPES_H 1
| #define HAVE_SYS_STAT_H 1
| #define HAVE_STDLIB_H 1
| #define HAVE_STRING_H 1
| #define HAVE_MEMORY_H 1
| #define HAVE_STRINGS_H 1
| #define HAVE_INTTYPES_H 1
| #define HAVE_STDINT_H 1
| #define HAVE_UNISTD_H 1
| #define HAVE_LIMITS_H 1
| #define HAVE_STDDEF_H 1
| #define HAVE_STDLIB_H 1
| #define HAVE_STRING_H 1
| #define HAVE_SYS_TIME_H 1
| #define SIZEOF_LONG_INT 8
| /* end confdefs.h.  */
| /* Define dzfft2dui to an innocuous variant, in case <limits.h> declares dzfft2dui.
|    For example, HP-UX 11i <limits.h> declares gettimeofday.  */
| #define dzfft2dui innocuous_dzfft2dui
| 
| /* System header to define __stub macros and hopefully few prototypes,
|     which can conflict with char dzfft2dui (); below.
|     Prefer <limits.h> to <assert.h> if __STDC__ is defined, since
|     <limits.h> exists even on freestanding compilers.  */
| 
| #ifdef __STDC__
| # include <limits.h>
| #else
| # include <assert.h>
| #endif
| 
| #undef dzfft2dui
| 
| /* Override any GCC internal prototype to avoid an error.
|    Use char because int might match the return type of a GCC
|    builtin and then its argument prototype would still apply.  */
| #ifdef __cplusplus
| extern "C"
| #endif
| char dzfft2dui ();
| /* The GNU C library defines this for functions which it implements
|     to always fail with ENOSYS.  Some functions are actually named
|     something starting with __ and the normal name is an alias.  */
| #if defined __stub_dzfft2dui || defined __stub___dzfft2dui
| choke me
| #endif
| 
| int
| main ()
| {
| return dzfft2dui ();
|   ;
|   return 0;
| }
configure:6576: result: no
configure:6593: checking whether byte ordering is bigendian
configure:6608: gcc -c -g -O2  conftest.c >&5
conftest.c:29:9: error: unknown type name 'not'
         not a universal capable compiler
         ^
conftest.c:29:15: error: expected '=', ',', ';', 'asm' or '__attribute__' before 'universal'
         not a universal capable compiler
               ^
conftest.c:29:15: error: unknown type name 'universal'
configure:6608: $? = 1
configure: failed program was:
| /* confdefs.h */
| #define PACKAGE_NAME "sprng"
| #define PACKAGE_TARNAME "sprng"
| #define PACKAGE_VERSION "5"
| #define PACKAGE_STRING "sprng 5"
| #define PACKAGE_BUGREPORT ""
| #define PACKAGE_URL ""
| #define PACKAGE "sprng"
| #define VERSION "5"
| #define HAVE_LIBM 1
| #define STDC_HEADERS 1
| #define HAVE_SYS_TYPES_H 1
| #define HAVE_SYS_STAT_H 1
| #define HAVE_STDLIB_H 1
| #define HAVE_STRING_H 1
| #define HAVE_MEMORY_H 1
| #define HAVE_STRINGS_H 1
| #define HAVE_INTTYPES_H 1
| #define HAVE_STDINT_H 1
| #define HAVE_UNISTD_H 1
| #define HAVE_LIMITS_H 1
| #define HAVE_STDDEF_H 1
| #define HAVE_STDLIB_H 1
| #define HAVE_STRING_H 1
| #define HAVE_SYS_TIME_H 1
| #define SIZEOF_LONG_INT 8
| /* end confdefs.h.  */
| #ifndef __APPLE_CC__
| 	       not a universal capable compiler
| 	     #endif
| 	     typedef int dummy;
| 
configure:6653: gcc -c -g -O2  conftest.c >&5
configure:6653: $? = 0
configure:6671: gcc -c -g -O2  conftest.c >&5
conftest.c: In function 'main':
conftest.c:35:4: error: unknown type name 'not'
    not big endian
    ^
conftest.c:35:12: error: expected '=', ',', ';', 'asm' or '__attribute__' before 'endian'
    not big endian
            ^
configure:6671: $? = 1
configure: failed program was:
| /* confdefs.h */
| #define PACKAGE_NAME "sprng"
| #define PACKAGE_TARNAME "sprng"
| #define PACKAGE_VERSION "5"
| #define PACKAGE_STRING "sprng 5"
| #define PACKAGE_BUGREPORT ""
| #define PACKAGE_URL ""
| #define PACKAGE "sprng"
| #define VERSION "5"
| #define HAVE_LIBM 1
| #define STDC_HEADERS 1
| #define HAVE_SYS_TYPES_H 1
| #define HAVE_SYS_STAT_H 1
| #define HAVE_STDLIB_H 1
| #define HAVE_STRING_H 1
| #define HAVE_MEMORY_H 1
| #define HAVE_STRINGS_H 1
| #define HAVE_INTTYPES_H 1
| #define HAVE_STDINT_H 1
| #define HAVE_UNISTD_H 1
| #define HAVE_LIMITS_H 1
| #define HAVE_STDDEF_H 1
| #define HAVE_STDLIB_H 1
| #define HAVE_STRING_H 1
| #define HAVE_SYS_TIME_H 1
| #define SIZEOF_LONG_INT 8
| /* end confdefs.h.  */
| #include <sys/types.h>
| 		#include <sys/param.h>
| 
| int
| main ()
| {
| #if BYTE_ORDER != BIG_ENDIAN
| 		 not big endian
| 		#endif
| 
|   ;
|   return 0;
| }
configure:6799: result: no
configure:6822: checking size of int *
configure:6827: gcc -o conftest -g -O2   conftest.c -lm  >&5
configure:6827: $? = 0
configure:6827: ./conftest
configure:6827: $? = 0
configure:6841: result: 8
configure:6866: checking size of double
configure:6871: gcc -o conftest -g -O2   conftest.c -lm  >&5
configure:6871: $? = 0
configure:6871: ./conftest
configure:6871: $? = 0
configure:6885: result: 8
configure:6899: checking size of float
configure:6904: gcc -o conftest -g -O2   conftest.c -lm  >&5
configure:6904: $? = 0
configure:6904: ./conftest
configure:6904: $? = 0
configure:6918: result: 4
configure:6940: checking for dummy main to link with Fortran 77 libraries
configure:6974: gcc -o conftest -g -O2   conftest.c -lm   -L/usr/lib/gcc/x86_64-linux-gnu/4.8 -L/usr/lib/gcc/x86_64-linux-gnu/4.8/../../../x86_64-linux-gnu -L/usr/lib/gcc/x86_64-linux-gnu/4.8/../../../../lib -L/lib/x86_64-linux-gnu -L/lib/../lib -L/usr/lib/x86_64-linux-gnu -L/usr/lib/../lib -L/usr/lib/gcc/x86_64-linux-gnu/4.8/../../.. -lgfortran -lm -lquadmath >&5
configure:6974: $? = 0
configure:7019: result: none
configure:7052: checking for Fortran 77 name-mangling scheme
configure:7065: gfortran -c -g -O2 conftest.f >&5
configure:7065: $? = 0
configure:7106: gcc -o conftest -g -O2   conftest.c cfortran_test.o -lm   -L/usr/lib/gcc/x86_64-linux-gnu/4.8 -L/usr/lib/gcc/x86_64-linux-gnu/4.8/../../../x86_64-linux-gnu -L/usr/lib/gcc/x86_64-linux-gnu/4.8/../../../../lib -L/lib/x86_64-linux-gnu -L/lib/../lib -L/usr/lib/x86_64-linux-gnu -L/usr/lib/../lib -L/usr/lib/gcc/x86_64-linux-gnu/4.8/../../.. -lgfortran -lm -lquadmath >&5
/tmp/ccTQWV5o.o: In function `main':
/home/kvantti/aalto/quantum_solver_collection/ext/sprng5/conftest.c:50: undefined reference to `foobar'
collect2: error: ld returned 1 exit status
configure:7106: $? = 1
configure: failed program was:
| /* confdefs.h */
| #define PACKAGE_NAME "sprng"
| #define PACKAGE_TARNAME "sprng"
| #define PACKAGE_VERSION "5"
| #define PACKAGE_STRING "sprng 5"
| #define PACKAGE_BUGREPORT ""
| #define PACKAGE_URL ""
| #define PACKAGE "sprng"
| #define VERSION "5"
| #define HAVE_LIBM 1
| #define STDC_HEADERS 1
| #define HAVE_SYS_TYPES_H 1
| #define HAVE_SYS_STAT_H 1
| #define HAVE_STDLIB_H 1
| #define HAVE_STRING_H 1
| #define HAVE_MEMORY_H 1
| #define HAVE_STRINGS_H 1
| #define HAVE_INTTYPES_H 1
| #define HAVE_STDINT_H 1
| #define HAVE_UNISTD_H 1
| #define HAVE_LIMITS_H 1
| #define HAVE_STDDEF_H 1
| #define HAVE_STDLIB_H 1
| #define HAVE_STRING_H 1
| #define HAVE_SYS_TIME_H 1
| #define SIZEOF_LONG_INT 8
| #define SIZEOF_INT_P 8
| #define SIZEOF_DOUBLE 8
| #define SIZEOF_FLOAT 4
| /* end confdefs.h.  */
| 
| /* Override any GCC internal prototype to avoid an error.
|    Use char because int might match the return type of a GCC
|    builtin and then its argument prototype would still apply.  */
| #ifdef __cplusplus
| extern "C"
| #endif
| char foobar ();
| #ifdef F77_DUMMY_MAIN
| 
| #  ifdef __cplusplus
|      extern "C"
| #  endif
|    int F77_DUMMY_MAIN() { return 1; }
| 
| #endif
| int
| main ()
| {
| return foobar ();
|   ;
|   return 0;
| }
configure:7106: gcc -o conftest -g -O2   conftest.c cfortran_test.o -lm   -L/usr/lib/gcc/x86_64-linux-gnu/4.8 -L/usr/lib/gcc/x86_64-linux-gnu/4.8/../../../x86_64-linux-gnu -L/usr/lib/gcc/x86_64-linux-gnu/4.8/../../../../lib -L/lib/x86_64-linux-gnu -L/lib/../lib -L/usr/lib/x86_64-linux-gnu -L/usr/lib/../lib -L/usr/lib/gcc/x86_64-linux-gnu/4.8/../../.. -lgfortran -lm -lquadmath >&5
configure:7106: $? = 0
configure:7164: gcc -o conftest -g -O2   conftest.c cfortran_test.o -lm   -L/usr/lib/gcc/x86_64-linux-gnu/4.8 -L/usr/lib/gcc/x86_64-linux-gnu/4.8/../../../x86_64-linux-gnu -L/usr/lib/gcc/x86_64-linux-gnu/4.8/../../../../lib -L/lib/x86_64-linux-gnu -L/lib/../lib -L/usr/lib/x86_64-linux-gnu -L/usr/lib/../lib -L/usr/lib/gcc/x86_64-linux-gnu/4.8/../../.. -lgfortran -lm -lquadmath >&5
configure:7164: $? = 0
configure:7206: result: lower case, underscore, no extra underscore
configure:7276: checking for stdbool.h that conforms to C99
configure:7351: gcc -c -g -O2  conftest.c >&5
configure:7351: $? = 0
configure:7358: result: yes
configure:7360: checking for _Bool
configure:7360: gcc -c -g -O2  conftest.c >&5
configure:7360: $? = 0
configure:7360: gcc -c -g -O2  conftest.c >&5
conftest.c: In function 'main':
conftest.c:77:20: error: expected expression before ')' token
 if (sizeof ((_Bool)))
                    ^
configure:7360: $? = 1
configure: failed program was:
| /* confdefs.h */
| #define PACKAGE_NAME "sprng"
| #define PACKAGE_TARNAME "sprng"
| #define PACKAGE_VERSION "5"
| #define PACKAGE_STRING "sprng 5"
| #define PACKAGE_BUGREPORT ""
| #define PACKAGE_URL ""
| #define PACKAGE "sprng"
| #define VERSION "5"
| #define HAVE_LIBM 1
| #define STDC_HEADERS 1
| #define HAVE_SYS_TYPES_H 1
| #define HAVE_SYS_STAT_H 1
| #define HAVE_STDLIB_H 1
| #define HAVE_STRING_H 1
| #define HAVE_MEMORY_H 1
| #define HAVE_STRINGS_H 1
| #define HAVE_INTTYPES_H 1
| #define HAVE_STDINT_H 1
| #define HAVE_UNISTD_H 1
| #define HAVE_LIMITS_H 1
| #define HAVE_STDDEF_H 1
| #define HAVE_STDLIB_H 1
| #define HAVE_STRING_H 1
| #define HAVE_SYS_TIME_H 1
| #define SIZEOF_LONG_INT 8
| #define SIZEOF_INT_P 8
| #define SIZEOF_DOUBLE 8
| #define SIZEOF_FLOAT 4
| #define F77_FUNC(name,NAME) name ## _
| #define F77_FUNC_(name,NAME) name ## _
| /* end confdefs.h.  */
| #include <stdio.h>
| #ifdef HAVE_SYS_TYPES_H
| # include <sys/types.h>
| #endif
| #ifdef HAVE_SYS_STAT_H
| # include <sys/stat.h>
| #endif
| #ifdef STDC_HEADERS
| # include <stdlib.h>
| # include <stddef.h>
| #else
| # ifdef HAVE_STDLIB_H
| #  include <stdlib.h>
| # endif
| #endif
| #ifdef HAVE_STRING_H
| # if !defined STDC_HEADERS && defined HAVE_MEMORY_H
| #  include <memory.h>
| # endif
| # include <string.h>
| #endif
| #ifdef HAVE_STRINGS_H
| # include <strings.h>
| #endif
| #ifdef HAVE_INTTYPES_H
| # include <inttypes.h>
| #endif
| #ifdef HAVE_STDINT_H
| # include <stdint.h>
| #endif
| #ifdef HAVE_UNISTD_H
| # include <unistd.h>
| #endif
| #ifdef F77_DUMMY_MAIN
| 
| #  ifdef __cplusplus
|      extern "C"
| #  endif
|    int F77_DUMMY_MAIN() { return 1; }
| 
| #endif
| int
| main ()
| {
| if (sizeof ((_Bool)))
| 	    return 0;
|   ;
|   return 0;
| }
configure:7360: result: yes
configure:7377: checking for an ANSI C-conforming const
configure:7451: gcc -c -g -O2  conftest.c >&5
configure:7451: $? = 0
configure:7458: result: yes
configure:7466: checking for inline
configure:7482: gcc -c -g -O2  conftest.c >&5
configure:7482: $? = 0
configure:7490: result: inline
configure:7508: checking for size_t
configure:7508: gcc -c -g -O2  conftest.c >&5
configure:7508: $? = 0
configure:7508: gcc -c -g -O2  conftest.c >&5
conftest.c: In function 'main':
conftest.c:79:21: error: expected expression before ')' token
 if (sizeof ((size_t)))
                     ^
configure:7508: $? = 1
configure: failed program was:
| /* confdefs.h */
| #define PACKAGE_NAME "sprng"
| #define PACKAGE_TARNAME "sprng"
| #define PACKAGE_VERSION "5"
| #define PACKAGE_STRING "sprng 5"
| #define PACKAGE_BUGREPORT ""
| #define PACKAGE_URL ""
| #define PACKAGE "sprng"
| #define VERSION "5"
| #define HAVE_LIBM 1
| #define STDC_HEADERS 1
| #define HAVE_SYS_TYPES_H 1
| #define HAVE_SYS_STAT_H 1
| #define HAVE_STDLIB_H 1
| #define HAVE_STRING_H 1
| #define HAVE_MEMORY_H 1
| #define HAVE_STRINGS_H 1
| #define HAVE_INTTYPES_H 1
| #define HAVE_STDINT_H 1
| #define HAVE_UNISTD_H 1
| #define HAVE_LIMITS_H 1
| #define HAVE_STDDEF_H 1
| #define HAVE_STDLIB_H 1
| #define HAVE_STRING_H 1
| #define HAVE_SYS_TIME_H 1
| #define SIZEOF_LONG_INT 8
| #define SIZEOF_INT_P 8
| #define SIZEOF_DOUBLE 8
| #define SIZEOF_FLOAT 4
| #define F77_FUNC(name,NAME) name ## _
| #define F77_FUNC_(name,NAME) name ## _
| #define HAVE__BOOL 1
| #define HAVE_STDBOOL_H 1
| /* end confdefs.h.  */
| #include <stdio.h>
| #ifdef HAVE_SYS_TYPES_H
| # include <sys/types.h>
| #endif
| #ifdef HAVE_SYS_STAT_H
| # include <sys/stat.h>
| #endif
| #ifdef STDC_HEADERS
| # include <stdlib.h>
| # include <stddef.h>
| #else
| # ifdef HAVE_STDLIB_H
| #  include <stdlib.h>
| # endif
| #endif
| #ifdef HAVE_STRING_H
| # if !defined STDC_HEADERS && defined HAVE_MEMORY_H
| #  include <memory.h>
| # endif
| # include <string.h>
| #endif
| #ifdef HAVE_STRINGS_H
| # include <strings.h>
| #endif
| #ifdef HAVE_INTTYPES_H
| # include <inttypes.h>
| #endif
| #ifdef HAVE_STDINT_H
| # include <stdint.h>
| #endif
| #ifdef HAVE_UNISTD_H
| # include <unistd.h>
| #endif
| #ifdef F77_DUMMY_MAIN
| 
| #  ifdef __cplusplus
|      extern "C"
| #  endif
|    int F77_DUMMY_MAIN() { return 1; }
| 
| #endif
| int
| main ()
| {
| if (sizeof ((size_t)))
| 	    return 0;
|   ;
|   return 0;
| }
configure:7508: result: yes
configure:7519: checking whether struct tm is in sys/time.h or time.h
configure:7547: gcc -c -g -O2  conftest.c >&5
configure:7547: $? = 0
configure:7554: result: time.h
configure:7566: checking for stdlib.h
configure:7566: result: yes
configure:7576: checking for GNU libc compatible malloc
configure:7608: gcc -o conftest -g -O2   conftest.c -lm  >&5
configure:7608: $? = 0
configure:7608: ./conftest
configure:7608: $? = 0
configure:7618: result: yes
configure:7639: checking for working memcmp
configure:7690: gcc -o conftest -g -O2   conftest.c -lm  >&5
configure:7690: $? = 0
configure:7690: ./conftest
configure:7690: $? = 0
configure:7700: result: yes
configure:7712: checking for memset
configure:7712: gcc -o conftest -g -O2   conftest.c -lm  >&5
conftest.c:60:6: warning: conflicting types for built-in function 'memset' [enabled by default]
 char memset ();
      ^
configure:7712: $? = 0
configure:7712: result: yes
configure:7712: checking for pow
configure:7712: gcc -o conftest -g -O2   conftest.c -lm  >&5
conftest.c:61:6: warning: conflicting types for built-in function 'pow' [enabled by default]
 char pow ();
      ^
configure:7712: $? = 0
configure:7712: result: yes
configure:7712: checking for sqrt
configure:7712: gcc -o conftest -g -O2   conftest.c -lm  >&5
conftest.c:62:6: warning: conflicting types for built-in function 'sqrt' [enabled by default]
 char sqrt ();
      ^
configure:7712: $? = 0
configure:7712: result: yes
configure:7833: checking that generated files are newer than configure
configure:7839: result: done
configure:7883: creating ./config.status

## ---------------------- ##
## Running config.status. ##
## ---------------------- ##

This file was extended by sprng config.status 5, which was
generated by GNU Autoconf 2.69.  Invocation command line was

  CONFIG_FILES    = 
  CONFIG_HEADERS  = 
  CONFIG_LINKS    = 
  CONFIG_COMMANDS = 
  $ ./config.status 

on kvantti-pc

config.status:945: creating Makefile
config.status:945: creating include/Makefile
config.status:945: creating lib/Makefile
config.status:945: creating SRC/Makefile
config.status:945: creating SRC/cmrg/Makefile
config.status:945: creating SRC/lcg/Makefile
config.status:945: creating SRC/lcg64/Makefile
config.status:945: creating SRC/lfg/Makefile
config.status:945: creating SRC/mlfg/Makefile
config.status:945: creating SRC/pmlcg/Makefile
config.status:945: creating check/Makefile
config.status:945: creating check/lcg/Makefile
config.status:945: creating check/lcg/F77/Makefile
config.status:945: creating check/lfg/Makefile
config.status:945: creating check/lfg/F77/Makefile
config.status:945: creating check/mlfg/Makefile
config.status:945: creating check/mlfg/F77/Makefile
config.status:945: creating check/cmrg/Makefile
config.status:945: creating check/cmrg/F77/Makefile
config.status:945: creating check/lcg64/Makefile
config.status:945: creating check/lcg64/F77/Makefile
config.status:945: creating check/pmlcg/Makefile
config.status:945: creating check/pmlcg/F77/Makefile
config.status:945: creating TESTS/Makefile
config.status:945: creating TESTS/mpitests/Makefile
config.status:945: creating TESTS/testu01/Makefile
config.status:945: creating EXAMPLES/Makefile
config.status:945: creating EXAMPLES/mpisprng/Makefile
config.status:945: creating EXAMPLES/F77/Makefile
config.status:945: creating config.h
config.status:1126: config.h is unchanged
config.status:1174: executing depfiles commands

## ---------------- ##
## Cache variables. ##
## ---------------- ##

ac_cv_build=x86_64-unknown-linux-gnu
ac_cv_c_bigendian=no
ac_cv_c_compiler_gnu=yes
ac_cv_c_const=yes
ac_cv_c_inline=inline
ac_cv_cxx_compiler_gnu=yes
ac_cv_env_CCC_set=
ac_cv_env_CCC_value=
ac_cv_env_CC_set=
ac_cv_env_CC_value=
ac_cv_env_CFLAGS_set=
ac_cv_env_CFLAGS_value=
ac_cv_env_CPPFLAGS_set=
ac_cv_env_CPPFLAGS_value=
ac_cv_env_CPP_set=
ac_cv_env_CPP_value=
ac_cv_env_CXXFLAGS_set=
ac_cv_env_CXXFLAGS_value=
ac_cv_env_CXX_set=
ac_cv_env_CXX_value=
ac_cv_env_F77_set=
ac_cv_env_F77_value=
ac_cv_env_FFLAGS_set=
ac_cv_env_FFLAGS_value=
ac_cv_env_LDFLAGS_set=
ac_cv_env_LDFLAGS_value=
ac_cv_env_LIBS_set=
ac_cv_env_LIBS_value=
ac_cv_env_MPICXX_set=
ac_cv_env_MPICXX_value=
ac_cv_env_MPIF77_set=
ac_cv_env_MPIF77_value=
ac_cv_env_build_alias_set=
ac_cv_env_build_alias_value=
ac_cv_env_host_alias_set=
ac_cv_env_host_alias_value=
ac_cv_env_target_alias_set=
ac_cv_env_target_alias_value=
ac_cv_f77_compiler_gnu=yes
ac_cv_f77_dummy_main=none
ac_cv_f77_libs=' -L/usr/lib/gcc/x86_64-linux-gnu/4.8 -L/usr/lib/gcc/x86_64-linux-gnu/4.8/../../../x86_64-linux-gnu -L/usr/lib/gcc/x86_64-linux-gnu/4.8/../../../../lib -L/lib/x86_64-linux-gnu -L/lib/../lib -L/usr/lib/x86_64-linux-gnu -L/usr/lib/../lib -L/usr/lib/gcc/x86_64-linux-gnu/4.8/../../.. -lgfortran -lm -lquadmath'
ac_cv_f77_mangling='lower case, underscore, no extra underscore'
ac_cv_fortran_dummy_main=none
ac_cv_func_dzfft2dui=no
ac_cv_func_malloc_0_nonnull=yes
ac_cv_func_memcmp_working=yes
ac_cv_func_memset=yes
ac_cv_func_pow=yes
ac_cv_func_sqrt=yes
ac_cv_header_fft_h=no
ac_cv_header_inttypes_h=yes
ac_cv_header_limits_h=yes
ac_cv_header_memory_h=yes
ac_cv_header_stdbool_h=yes
ac_cv_header_stdc=yes
ac_cv_header_stddef_h=yes
ac_cv_header_stdint_h=yes
ac_cv_header_stdlib_h=yes
ac_cv_header_string_h=yes
ac_cv_header_strings_h=yes
ac_cv_header_sys_stat_h=yes
ac_cv_header_sys_time_h=yes
ac_cv_header_sys_types_h=yes
ac_cv_header_unistd_h=yes
ac_cv_host=x86_64-unknown-linux-gnu
ac_cv_lib_m_main=yes
ac_cv_objext=o
ac_cv_path_BASH=/bin/bash
ac_cv_path_EGREP='/bin/grep -E'
ac_cv_path_GREP=/bin/grep
ac_cv_path_install='/usr/bin/install -c'
ac_cv_path_mkdir=/bin/mkdir
ac_cv_prog_AWK=gawk
ac_cv_prog_CPP='gcc -E'
ac_cv_prog_ac_ct_CC=gcc
ac_cv_prog_ac_ct_CXX=g++
ac_cv_prog_ac_ct_F77=gfortran
ac_cv_prog_ac_ct_RANLIB=ranlib
ac_cv_prog_cc_c89=
ac_cv_prog_cc_g=yes
ac_cv_prog_cxx_g=yes
ac_cv_prog_f77_g=yes
ac_cv_prog_f77_v=-v
ac_cv_prog_make_make_set=yes
ac_cv_sizeof_double=8
ac_cv_sizeof_float=4
ac_cv_sizeof_int_p=8
ac_cv_sizeof_long_int=8
ac_cv_struct_tm=time.h
ac_cv_target=x86_64-unknown-linux-gnu
ac_cv_type__Bool=yes
ac_cv_type_size_t=yes
am_cv_CC_dependencies_compiler_type=gcc3
am_cv_CXX_dependencies_compiler_type=gcc3
am_cv_make_support_nested_variables=yes
am_cv_prog_cc_c_o=yes

## ----------------- ##
## Output variables. ##
## ----------------- ##

ACLOCAL='aclocal-1.14'
AMDEPBACKSLASH='\'
AMDEP_FALSE='#'
AMDEP_TRUE=''
AMTAR='$${TAR-tar}'
AM_BACKSLASH='\'
AM_DEFAULT_V='$(AM_DEFAULT_VERBOSITY)'
AM_DEFAULT_VERBOSITY='1'
AM_V='$(V)'
AUTOCONF='autoconf'
AUTOHEADER='autoheader'
AUTOMAKE='automake-1.14'
AWK='gawk'
BASH='/bin/bash'
CC='gcc'
CCDEPMODE='depmode=gcc3'
CFLAGS='-g -O2'
CPP='gcc -E'
CPPFLAGS=''
CXX='g++'
CXXDEPMODE='depmode=gcc3'
CXXFLAGS='-g -O2 -Wno-deprecated -DLONG64=long'
CYGPATH_W='echo'
DEFS='-DHAVE_CONFIG_H'
DEPDIR='.deps'
ECHO_C=''
ECHO_N='-n'
ECHO_T=''
EGREP='/bin/grep -E'
EXEEXT=''
F77='gfortran'
FFLAGS='-g -O2'
FFPSIZE='-DPOINTER_SIZE=8 -DLONG64=long -DINTEGER_STAR_8'
FFT_FALSE=''
FFT_TRUE='#'
FLIBS=' -L/usr/lib/gcc/x86_64-linux-gnu/4.8 -L/usr/lib/gcc/x86_64-linux-gnu/4.8/../../../x86_64-linux-gnu -L/usr/lib/gcc/x86_64-linux-gnu/4.8/../../../../lib -L/lib/x86_64-linux-gnu -L/lib/../lib -L/usr/lib/x86_64-linux-gnu -L/usr/lib/../lib -L/usr/lib/gcc/x86_64-linux-gnu/4.8/../../.. -lgfortran -lm -lquadmath'
FMANGLE=''
FORTRANDIR='F77'
GREP='/bin/grep'
INSTALL_DATA='${INSTALL} -m 644'
INSTALL_PROGRAM='${INSTALL}'
INSTALL_SCRIPT='${INSTALL}'
INSTALL_STRIP_PROGRAM='$(install_sh) -c -s'
LDFLAGS=''
LIBOBJS=''
LIBS='-lm '
LTLIBOBJS=''
MAKEINFO='makeinfo'
MKDIR_P='/bin/mkdir -p'
MPICXX=''
MPIF77=''
MPI_DEF=''
OBJEXT='o'
PACKAGE='sprng'
PACKAGE_BUGREPORT=''
PACKAGE_NAME='sprng'
PACKAGE_STRING='sprng 5'
PACKAGE_TARNAME='sprng'
PACKAGE_URL=''
PACKAGE_VERSION='5'
PATH_SEPARATOR=':'
RANLIB='ranlib'
SET_MAKE=''
SHELL='/bin/bash'
STRIP=''
TESTU01_INCDIR=''
TESTU01_LIBDIR=''
USE_MPI_FALSE=''
USE_MPI_TRUE='#'
USE_TESTU01_FALSE=''
USE_TESTU01_TRUE='#'
VERSION='5'
ac_ct_CC='gcc'
ac_ct_CXX='g++'
ac_ct_F77='gfortran'
am__EXEEXT_FALSE=''
am__EXEEXT_TRUE='#'
am__fastdepCC_FALSE='#'
am__fastdepCC_TRUE=''
am__fastdepCXX_FALSE='#'
am__fastdepCXX_TRUE=''
am__include='include'
am__isrc=''
am__leading_dot='.'
am__nodep='_no'
am__quote=''
am__tar='$${TAR-tar} chof - "$$tardir"'
am__untar='$${TAR-tar} xf -'
bindir='${exec_prefix}/bin'
build='x86_64-unknown-linux-gnu'
build_alias=''
build_cpu='x86_64'
build_os='linux-gnu'
build_vendor='unknown'
compile_FORTRAN_FALSE=''
compile_FORTRAN_TRUE='#'
datadir='${datarootdir}'
datarootdir='${prefix}/share'
docdir='${datarootdir}/doc/${PACKAGE_TARNAME}'
dvidir='${docdir}'
exec_prefix='${prefix}'
host='x86_64-unknown-linux-gnu'
host_alias=''
host_cpu='x86_64'
host_os='linux-gnu'
host_vendor='unknown'
htmldir='${docdir}'
includedir='${prefix}/include'
infodir='${datarootdir}/info'
install_sh='${SHELL} /home/kvantti/aalto/quantum_solver_collection/ext/sprng5/install-sh'
libdir='${exec_prefix}/lib'
libexecdir='${exec_prefix}/libexec'
localedir='${datarootdir}/locale'
localstatedir='${prefix}/var'
mandir='${datarootdir}/man'
mkdir_p='$(MKDIR_P)'
oldincludedir='/usr/include'
pdfdir='${docdir}'
prefix='/home/kvantti/aalto/quantum_solver_collection/ext/sprng5'
program_transform_name='s,x,x,'
psdir='${docdir}'
sbindir='${exec_prefix}/sbin'
sharedstatedir='${prefix}/com'
sprng_cxxflags=''
sprng_fflags=''
sysconfdir='${prefix}/etc'
target='x86_64-unknown-linux-gnu'
target_alias=''
target_cpu='x86_64'
target_os='linux-gnu'
target_vendor='unknown'

## ----------- ##
## confdefs.h. ##
## ----------- ##

/* confdefs.h */
#define PACKAGE_NAME "sprng"
#define PACKAGE_TARNAME "sprng"
#define PACKAGE_VERSION "5"
#define PACKAGE_STRING "sprng 5"
#define PACKAGE_BUGREPORT ""
#define PACKAGE_URL ""
#define PACKAGE "sprng"
#define VERSION "5"
#define HAVE_LIBM 1
#define STDC_HEADERS 1
#define HAVE_SYS_TYPES_H 1
#define HAVE_SYS_STAT_H 1
#define HAVE_STDLIB_H 1
#define HAVE_STRING_H 1
#define HAVE_MEMORY_H 1
#define HAVE_STRINGS_H 1
#define HAVE_INTTYPES_H 1
#define HAVE_STDINT_H 1
#define HAVE_UNISTD_H 1
#define HAVE_LIMITS_H 1
#define HAVE_STDDEF_H 1
#define HAVE_STDLIB_H 1
#define HAVE_STRING_H 1
#define HAVE_SYS_TIME_H 1
#define SIZEOF_LONG_INT 8
#define SIZEOF_INT_P 8
#define SIZEOF_DOUBLE 8
#define SIZEOF_FLOAT 4
#define F77_FUNC(name,NAME) name ## _
#define F77_FUNC_(name,NAME) name ## _
#define HAVE__BOOL 1
#define HAVE_STDBOOL_H 1
#define HAVE_STDLIB_H 1
#define HAVE_MALLOC 1
#define HAVE_MEMSET 1
#define HAVE_POW 1
#define HAVE_SQRT 1

configure: exit 0
